0 verbose cli C:\Program Files\nodejs\node.exe C:\Program Files\nodejs\node_modules\npm\bin\npm-cli.js
1 info using npm@9.3.1
2 info using node@v18.14.0
3 timing npm:load:whichnode Completed in 1ms
4 timing config:load:defaults Completed in 2ms
5 timing config:load:file:C:\Program Files\nodejs\node_modules\npm\npmrc Completed in 4ms
6 timing config:load:builtin Completed in 4ms
7 timing config:load:cli Completed in 1ms
8 timing config:load:env Completed in 1ms
9 timing config:load:project Completed in 1ms
10 timing config:load:file:C:\Users\xiaol\.npmrc Completed in 1ms
11 timing config:load:user Completed in 1ms
12 timing config:load:file:E:\FRONT\nodejs\node_gobal\etc\npmrc Completed in 0ms
13 timing config:load:global Completed in 0ms
14 timing config:load:setEnvs Completed in 1ms
15 timing config:load Completed in 12ms
16 timing npm:load:configload Completed in 12ms
17 timing npm:load:mkdirpcache Completed in 0ms
18 timing npm:load:mkdirplogs Completed in 0ms
19 verbose title npm exec browserslist@latest --update-db
20 verbose argv "exec" "--" "browserslist@latest" "--update-db"
21 timing npm:load:setTitle Completed in 1ms
22 timing config:load:flatten Completed in 3ms
23 timing npm:load:display Completed in 3ms
24 verbose logfile logs-max:10 dir:E:\FRONT\nodejs\node_cache\_logs\2023-02-03T15_18_03_434Z-
25 verbose logfile E:\FRONT\nodejs\node_cache\_logs\2023-02-03T15_18_03_434Z-debug-0.log
26 timing npm:load:logFile Completed in 4ms
27 timing npm:load:timers Completed in 0ms
28 timing npm:load:configScope Completed in 0ms
29 timing npm:load Completed in 24ms
30 silly logfile start cleaning logs, removing 1 files
31 silly logfile done cleaning log files
32 timing arborist:ctor Completed in 1ms
33 http fetch GET 200 https://registry.npmjs.org/browserslist 132ms (cache revalidated)
34 timing arborist:ctor Completed in 0ms
35 timing arborist:ctor Completed in 0ms
36 timing arborist:ctor Completed in 0ms
37 timing idealTree:init Completed in 3ms
38 timing idealTree:userRequests Completed in 1ms
39 silly idealTree buildDeps
40 silly fetch manifest browserslist@4.21.5
41 http fetch GET 200 https://registry.npmjs.org/browserslist 5ms (cache hit)
42 silly placeDep ROOT browserslist@4.21.5 OK for:  want: 4.21.5
43 silly fetch manifest caniuse-lite@^1.0.30001449
44 silly fetch manifest electron-to-chromium@^1.4.284
45 silly fetch manifest node-releases@^2.0.8
46 silly fetch manifest update-browserslist-db@^1.0.10
47 http fetch GET 200 https://registry.npmjs.org/node-releases 40ms (cache revalidated)
48 http fetch GET 200 https://registry.npmjs.org/update-browserslist-db 73ms (cache revalidated)
49 http fetch GET 200 https://registry.npmjs.org/caniuse-lite 76ms (cache revalidated)
50 http fetch GET 200 https://registry.npmjs.org/electron-to-chromium 82ms (cache revalidated)
51 timing idealTree:#root Completed in 101ms
52 silly fetch manifest browserslist@>= 4.21.0
53 silly placeDep ROOT caniuse-lite@1.0.30001450 OK for: browserslist@4.21.5 want: ^1.0.30001449
54 silly placeDep ROOT electron-to-chromium@1.4.285 OK for: browserslist@4.21.5 want: ^1.4.284
55 silly placeDep ROOT node-releases@2.0.9 OK for: browserslist@4.21.5 want: ^2.0.8
56 silly placeDep ROOT update-browserslist-db@1.0.10 OK for: browserslist@4.21.5 want: ^1.0.10
57 silly fetch manifest escalade@^3.1.1
58 silly fetch manifest picocolors@^1.0.0
59 http fetch GET 200 https://registry.npmjs.org/picocolors 34ms (cache revalidated)
60 http fetch GET 200 https://registry.npmjs.org/escalade 44ms (cache revalidated)
61 timing idealTree:node_modules/browserslist Completed in 50ms
62 timing idealTree:node_modules/caniuse-lite Completed in 0ms
63 timing idealTree:node_modules/electron-to-chromium Completed in 0ms
64 timing idealTree:node_modules/node-releases Completed in 0ms
65 silly placeDep ROOT escalade@3.1.1 OK for: update-browserslist-db@1.0.10 want: ^3.1.1
66 silly placeDep ROOT picocolors@1.0.0 OK for: update-browserslist-db@1.0.10 want: ^1.0.0
67 timing idealTree:node_modules/update-browserslist-db Completed in 2ms
68 timing idealTree:node_modules/escalade Completed in 0ms
69 timing idealTree:node_modules/picocolors Completed in 0ms
70 timing idealTree:buildDeps Completed in 156ms
71 timing idealTree:fixDepFlags Completed in 0ms
72 timing idealTree Completed in 162ms
73 timing reify:loadTrees Completed in 162ms
74 timing reify:diffTrees Completed in 1ms
75 silly reify moves {}
76 timing reify:retireShallow Completed in 1ms
77 timing reify:createSparse Completed in 4ms
78 timing reify:loadBundles Completed in 0ms
79 silly audit bulk request {
79 silly audit   browserslist: [ '4.21.5' ],
79 silly audit   'caniuse-lite': [ '1.0.30001450' ],
79 silly audit   'electron-to-chromium': [ '1.4.285' ],
79 silly audit   'node-releases': [ '2.0.9' ],
79 silly audit   'update-browserslist-db': [ '1.0.10' ],
79 silly audit   escalade: [ '3.1.1' ],
79 silly audit   picocolors: [ '1.0.0' ]
79 silly audit }
80 timing reifyNode:node_modules/node-releases Completed in 54ms
81 timing reifyNode:node_modules/picocolors Completed in 55ms
82 timing reifyNode:node_modules/update-browserslist-db Completed in 55ms
83 timing reifyNode:node_modules/escalade Completed in 55ms
84 timing reifyNode:node_modules/browserslist Completed in 58ms
85 timing reifyNode:node_modules/electron-to-chromium Completed in 61ms
86 http fetch POST 200 https://registry.npmjs.org/-/npm/v1/security/advisories/bulk 185ms
87 timing auditReport:getReport Completed in 187ms
88 silly audit report {}
89 timing auditReport:init Completed in 0ms
90 timing reify:audit Completed in 188ms
91 timing reifyNode:node_modules/caniuse-lite Completed in 479ms
92 timing reify:unpack Completed in 480ms
93 timing reify:unretire Completed in 0ms
94 timing build:queue Completed in 0ms
95 timing build:link:node_modules/browserslist Completed in 4ms
96 timing build:link:node_modules/update-browserslist-db Completed in 3ms
97 timing build:link Completed in 4ms
98 timing build:deps Completed in 5ms
99 timing build Completed in 5ms
100 timing reify:build Completed in 5ms
101 timing reify:trash Completed in 0ms
102 timing reify:save Completed in 5ms
103 timing reify Completed in 665ms
104 timing command:exec Completed in 4884ms
105 verbose exit 1
106 timing npm Completed in 4924ms
107 verbose code 1
