0 info it worked if it ends with ok
1 verbose cli [
1 verbose cli   'E:\\Program Files\\nodejs\\node.exe',
1 verbose cli   'E:\\Program Files\\nodejs\\node_modules\\npm\\bin\\npm-cli.js',
1 verbose cli   'install',
1 verbose cli   '-g'
1 verbose cli ]
2 info using npm@6.14.14
3 info using node@v14.17.4
4 verbose npm-session a7663e8a15ddab04
5 silly install loadCurrentTree
6 silly install readGlobalPackageData
7 silly fetchPackageMetaData error for file: Could not install from "" as it does not contain a package.json file.
8 timing stage:rollbackFailedOptional Completed in 1ms
9 timing stage:runTopLevelLifecycles Completed in 51ms
10 verbose stack Error: ENOENT: no such file or directory, open 'C:\Users\xiaol\package.json'
11 verbose cwd C:\Users\xiaol
12 verbose Windows_NT 10.0.22621
13 verbose argv "E:\\Program Files\\nodejs\\node.exe" "E:\\Program Files\\nodejs\\node_modules\\npm\\bin\\npm-cli.js" "install" "-g"
14 verbose node v14.17.4
15 verbose npm  v6.14.14
16 error code ENOLOCAL
17 error Could not install from "" as it does not contain a package.json file.
18 verbose exit [ 1, true ]
