0 verbose cli C:\Program Files\nodejs\node.exe C:\Program Files\nodejs\node_modules\npm\bin\npm-cli.js
1 info using npm@9.3.1
2 info using node@v18.14.0
3 timing npm:load:whichnode Completed in 1ms
4 timing config:load:defaults Completed in 2ms
5 timing config:load:file:C:\Program Files\nodejs\node_modules\npm\npmrc Completed in 1ms
6 timing config:load:builtin Completed in 2ms
7 timing config:load:cli Completed in 1ms
8 timing config:load:env Completed in 1ms
9 timing config:load:file:C:\Users\xiaol\AppData\Local\Microsoft\TypeScript\4.5\.npmrc Completed in 0ms
10 timing config:load:project Completed in 1ms
11 timing config:load:file:C:\Users\xiaol\.npmrc Completed in 1ms
12 timing config:load:user Completed in 1ms
13 timing config:load:file:E:\FRONT\nodejs\node_gobal\etc\npmrc Completed in 1ms
14 timing config:load:global Completed in 1ms
15 timing config:load:setEnvs Completed in 1ms
16 timing config:load Completed in 10ms
17 timing npm:load:configload Completed in 10ms
18 timing npm:load:mkdirpcache Completed in 0ms
19 timing npm:load:mkdirplogs Completed in 0ms
20 verbose title npm install types-registry@latest
21 verbose argv "install" "--ignore-scripts" "types-registry@latest"
22 timing npm:load:setTitle Completed in 1ms
23 timing config:load:flatten Completed in 2ms
24 timing npm:load:display Completed in 4ms
25 verbose logfile logs-max:10 dir:E:\FRONT\nodejs\node_cache\_logs\2023-02-03T15_17_40_993Z-
26 verbose logfile E:\FRONT\nodejs\node_cache\_logs\2023-02-03T15_17_40_993Z-debug-0.log
27 timing npm:load:logFile Completed in 5ms
28 timing npm:load:timers Completed in 0ms
29 timing npm:load:configScope Completed in 0ms
30 timing npm:load Completed in 22ms
31 timing arborist:ctor Completed in 0ms
32 silly logfile done cleaning log files
33 timing idealTree:init Completed in 16ms
34 warn old lockfile
34 warn old lockfile The package-lock.json file was created with an old version of npm,
34 warn old lockfile so supplemental metadata must be fetched from the registry.
34 warn old lockfile
34 warn old lockfile This is a one-time fix-up, please be patient...
34 warn old lockfile
35 silly inflate node_modules/@types/caniuse-lite
36 silly inflate node_modules/types-registry
37 http fetch GET 200 https://registry.npmjs.org/types-registry 103ms (cache revalidated)
38 http fetch GET 200 https://registry.npmjs.org/npm 401ms (cache miss)
39 http fetch GET 200 https://registry.npmjs.org/@types%2fcaniuse-lite 1317ms (cache revalidated)
40 timing idealTree:inflate Completed in 1319ms
41 timing idealTree:userRequests Completed in 3ms
42 silly idealTree buildDeps
43 silly fetch manifest types-registry@0.1.629
44 silly placeDep ROOT types-registry@0.1.629 REPLACE for:  want: 0.1.629
45 timing idealTree:#root Completed in 9ms
46 timing idealTree:node_modules/types-registry Completed in 0ms
47 timing idealTree:buildDeps Completed in 10ms
48 timing idealTree:fixDepFlags Completed in 1ms
49 timing idealTree Completed in 1351ms
50 timing reify:loadTrees Completed in 1352ms
51 timing reify:diffTrees Completed in 1ms
52 silly reify moves {}
53 timing reify:retireShallow Completed in 2ms
54 timing reify:createSparse Completed in 0ms
55 timing reify:loadBundles Completed in 0ms
56 silly audit bulk request { '@types/caniuse-lite': [ '1.0.1' ], 'types-registry': [ '0.1.629' ] }
57 timing reify:unpack Completed in 1ms
58 timing reify:unretire Completed in 0ms
59 timing build:queue Completed in 0ms
60 timing build:deps Completed in 0ms
61 timing build Completed in 0ms
62 timing reify:build Completed in 0ms
63 timing reify:trash Completed in 0ms
64 timing reify:save Completed in 7ms
65 http fetch POST 200 https://registry.npmjs.org/-/npm/v1/security/advisories/bulk 202ms
66 timing auditReport:getReport Completed in 205ms
67 silly audit report {}
68 timing auditReport:init Completed in 0ms
69 timing reify:audit Completed in 207ms
70 timing reify Completed in 1622ms
71 timing command:install Completed in 1627ms
72 notice
72 notice New minor version of npm available! 9.3.1 -> 9.4.1
72 notice Changelog: <https://github.com/npm/cli/releases/tag/v9.4.1>
72 notice Run `npm install -g npm@9.4.1` to update!
72 notice
73 verbose exit 0
74 timing npm Completed in 1669ms
75 info ok
